[INFO] Scanning for projects...
[INFO] 
[INFO] -------------------------< com.travel360:api >--------------------------
[INFO] Building Travel360.API 0.0.1-SNAPSHOT
[INFO]   from pom.xml
[INFO] --------------------------------[ jar ]---------------------------------
[INFO] 
[INFO] >>> spring-boot:3.2.3:run (default-cli) > test-compile @ api >>>
[INFO] 
[INFO] --- resources:3.3.1:resources (default-resources) @ api ---
[INFO] Copying 3 resources from src/main/resources to target/classes
[INFO] Copying 0 resource from src/main/resources to target/classes
[INFO] 
[INFO] --- compiler:3.11.0:compile (default-compile) @ api ---
[INFO] Nothing to compile - all classes are up to date
[INFO] 
[INFO] --- resources:3.3.1:testResources (default-testResources) @ api ---
[INFO] Copying 1 resource from src/test/resources to target/test-classes
[INFO] 
[INFO] --- compiler:3.11.0:testCompile (default-testCompile) @ api ---
[INFO] Nothing to compile - all classes are up to date
[INFO] 
[INFO] <<< spring-boot:3.2.3:run (default-cli) < test-compile @ api <<<
[INFO] 
[INFO] 
[INFO] --- spring-boot:3.2.3:run (default-cli) @ api ---
[INFO] Attaching agents: []
Standard Commons Logging discovery in action with spring-jcl: please remove commons-logging.jar from classpath in order to avoid potential conflicts

  .   ____          _            __ _ _
 /\\ / ___'_ __ _ _(_)_ __  __ _ \ \ \ \
( ( )\___ | '_ | '_| | '_ \/ _` | \ \ \ \
 \\/  ___)| |_)| | | | | || (_| |  ) ) ) )
  '  |____| .__|_| |_|_| |_\__, | / / / /
 =========|_|==============|___/=/_/_/_/
 :: Spring Boot ::                (v3.2.3)

2025-05-25T17:32:15.206+05:30  INFO 719088 --- [           main] c.travel360.api.Travel360ApiApplication  : Starting Travel360ApiApplication using Java 21.0.7 with PID 719088 (/home/kiviamarakoon/Documents/Projects/my-projects/Travel360.API/target/classes started by kiviamarakoon in /home/kiviamarakoon/Documents/Projects/my-projects/Travel360.API)
2025-05-25T17:32:15.207+05:30 DEBUG 719088 --- [           main] c.travel360.api.Travel360ApiApplication  : Running with Spring Boot v3.2.3, Spring v6.1.4
2025-05-25T17:32:15.207+05:30  INFO 719088 --- [           main] c.travel360.api.Travel360ApiApplication  : No active profile set, falling back to 1 default profile: "default"
2025-05-25T17:32:15.878+05:30  INFO 719088 --- [           main] .s.d.r.c.RepositoryConfigurationDelegate : Bootstrapping Spring Data JPA repositories in DEFAULT mode.
2025-05-25T17:32:15.922+05:30  INFO 719088 --- [           main] .s.d.r.c.RepositoryConfigurationDelegate : Finished Spring Data repository scanning in 39 ms. Found 5 JPA repository interfaces.
2025-05-25T17:32:16.284+05:30  INFO 719088 --- [           main] o.s.b.w.embedded.tomcat.TomcatWebServer  : Tomcat initialized with port 8080 (http)
2025-05-25T17:32:16.292+05:30  INFO 719088 --- [           main] o.apache.catalina.core.StandardService   : Starting service [Tomcat]
2025-05-25T17:32:16.292+05:30  INFO 719088 --- [           main] o.apache.catalina.core.StandardEngine    : Starting Servlet engine: [Apache Tomcat/10.1.19]
2025-05-25T17:32:16.324+05:30  INFO 719088 --- [           main] o.a.c.c.C.[Tomcat].[localhost].[/]       : Initializing Spring embedded WebApplicationContext
2025-05-25T17:32:16.325+05:30  INFO 719088 --- [           main] w.s.c.ServletWebServerApplicationContext : Root WebApplicationContext: initialization completed in 1074 ms
Standard Commons Logging discovery in action with spring-jcl: please remove commons-logging.jar from classpath in order to avoid potential conflicts
2025-05-25T17:32:16.591+05:30  INFO 719088 --- [           main] o.s.o.j.p.SpringPersistenceUnitInfo      : No LoadTimeWeaver setup: ignoring JPA class transformer
2025-05-25T17:32:16.604+05:30  INFO 719088 --- [           main] com.zaxxer.hikari.HikariDataSource       : HikariPool-1 - Starting...
2025-05-25T17:32:16.695+05:30  INFO 719088 --- [           main] com.zaxxer.hikari.pool.HikariPool        : HikariPool-1 - Added connection org.postgresql.jdbc.PgConnection@49d42faf
2025-05-25T17:32:16.696+05:30  INFO 719088 --- [           main] com.zaxxer.hikari.HikariDataSource       : HikariPool-1 - Start completed.
2025-05-25T17:32:17.467+05:30  INFO 719088 --- [           main] j.LocalContainerEntityManagerFactoryBean : Initialized JPA EntityManagerFactory for persistence unit 'default'
2025-05-25T17:32:17.698+05:30 DEBUG 719088 --- [           main] c.travel360.api.security.JwtAuthFilter   : Filter 'jwtAuthFilter' configured for use
2025-05-25T17:32:17.862+05:30  WARN 719088 --- [           main] JpaBaseConfiguration$JpaWebConfiguration : spring.jpa.open-in-view is enabled by default. Therefore, database queries may be performed during view rendering. Explicitly configure spring.jpa.open-in-view to disable this warning
2025-05-25T17:32:18.104+05:30  INFO 719088 --- [           main] o.s.s.web.DefaultSecurityFilterChain     : Will secure any request with [org.springframework.security.web.session.DisableEncodeUrlFilter@4795876e, org.springframework.security.web.context.request.async.WebAsyncManagerIntegrationFilter@5c8859b4, org.springframework.security.web.context.SecurityContextHolderFilter@66c88fce, org.springframework.security.web.header.HeaderWriterFilter@2e07dc23, org.springframework.web.filter.CorsFilter@56897de0, org.springframework.security.web.authentication.logout.LogoutFilter@5edd2170, com.travel360.api.security.JwtAuthFilter@106ac5f4, org.springframework.security.web.savedrequest.RequestCacheAwareFilter@68a7bc12, org.springframework.security.web.servletapi.SecurityContextHolderAwareRequestFilter@14f03f2, org.springframework.security.web.authentication.AnonymousAuthenticationFilter@40874f54, org.springframework.security.web.session.SessionManagementFilter@4349389d, org.springframework.security.web.access.ExceptionTranslationFilter@1d397e87, org.springframework.security.web.access.intercept.AuthorizationFilter@138110f8]
2025-05-25T17:32:18.347+05:30  INFO 719088 --- [           main] o.s.d.j.r.query.QueryEnhancerFactory     : Hibernate is in classpath; If applicable, HQL parser will be used.
2025-05-25T17:32:18.760+05:30  WARN 719088 --- [           main] ConfigServletWebServerApplicationContext : Exception encountered during context initialization - cancelling refresh attempt: org.springframework.context.ApplicationContextException: Failed to start bean 'webServerStartStop'
2025-05-25T17:32:18.763+05:30  INFO 719088 --- [           main] j.LocalContainerEntityManagerFactoryBean : Closing JPA EntityManagerFactory for persistence unit 'default'
2025-05-25T17:32:18.764+05:30  INFO 719088 --- [           main] com.zaxxer.hikari.HikariDataSource       : HikariPool-1 - Shutdown initiated...
2025-05-25T17:32:18.767+05:30  INFO 719088 --- [           main] com.zaxxer.hikari.HikariDataSource       : HikariPool-1 - Shutdown completed.
2025-05-25T17:32:18.775+05:30  INFO 719088 --- [           main] .s.b.a.l.ConditionEvaluationReportLogger : 

Error starting ApplicationContext. To display the condition evaluation report re-run your application with 'debug' enabled.
2025-05-25T17:32:18.785+05:30 ERROR 719088 --- [           main] o.s.b.d.LoggingFailureAnalysisReporter   : 

***************************
APPLICATION FAILED TO START
***************************

Description:

Web server failed to start. Port 8080 was already in use.

Action:

Identify and stop the process that's listening on port 8080 or configure this application to listen on another port.

[INFO] ------------------------------------------------------------------------
[INFO] BUILD FAILURE
[INFO] ------------------------------------------------------------------------
[INFO] Total time:  5.228 s
[INFO] Finished at: 2025-05-25T17:32:18+05:30
[INFO] ------------------------------------------------------------------------
[ERROR] Failed to execute goal org.springframework.boot:spring-boot-maven-plugin:3.2.3:run (default-cli) on project api: Process terminated with exit code: 1 -> [Help 1]
[ERROR] 
[ERROR] To see the full stack trace of the errors, re-run Maven with the -e switch.
[ERROR] Re-run Maven using the -X switch to enable full debug logging.
[ERROR] 
[ERROR] For more information about the errors and possible solutions, please read the following articles:
[ERROR] [Help 1] http://cwiki.apache.org/confluence/display/MAVEN/MojoExecutionException
